<?xml version="1.0" encoding="UTF-8"?>
<!-- Generated by org.testng.reporters.JUnitReportReporter -->
<testsuite hostname="DESKTOP-0JF642N" failures="0" tests="1" name="script.DemoTest" time="5.777" errors="0" timestamp="2023-05-03T11:55:22 IST" skipped="0">
  <testcase classname="script.DemoTest" name="demoTest1" time="5.777"/>
  <system-out>
    <![CDATA[test data:admin
Google]]>
  </system-out>
</testsuite> <!-- script.DemoTest -->
