<?xml version="1.0" encoding="UTF-8"?>
<!-- Generated by org.testng.reporters.JUnitReportReporter -->
<testsuite hostname="DESKTOP-0JF642N" failures="0" tests="1" name="script.DemoTest2" time="7.887" errors="0" timestamp="2023-05-04T11:35:58 IST" skipped="0">
  <testcase classname="script.DemoTest2" name="demoTest2" time="7.887"/>
  <system-out>
    <![CDATA[Google]]>
  </system-out>
</testsuite> <!-- script.DemoTest2 -->
